Build started 8/19/2015 8:17:05 PM.
     1>Project "D:\Users\Andy\Desktop\cpp projects\Pacman\Pacman\Pacman.vcxproj" on node 2 (Build target(s)).
     1>ClCompile:
         D:\Program Files (x86)\VC\bin\CL.exe /c /I"D:\Program Files (x86)\SFML\SFML-2.3.1\include" /Zi /nologo /W3 /WX- /sdl /O2 /Oi /Oy- /GL /D SFML_STATIC /D WIN32 /D NDEBUG /D _WINDOWS /D _UNICODE /D UNICODE /Gm- /EHsc /MD /GS /Gy /fp:precise /Zc:wchar_t /Zc:forScope /Fo"Release\\" /Fd"Release\vc120.pdb" /Gd /TP /analyze- /errorReport:prompt Ghost.cpp main.cpp
         Ghost.cpp
     1>Ghost.cpp(21): warning C4244: '=' : conversion from 'float' to 'int', possible loss of data
     1>Ghost.cpp(22): warning C4244: '=' : conversion from 'float' to 'int', possible loss of data
     1>Ghost.cpp(24): warning C4244: '=' : conversion from 'float' to 'int', possible loss of data
     1>Ghost.cpp(25): warning C4244: '=' : conversion from 'float' to 'int', possible loss of data
     1>Ghost.cpp(141): warning C4244: '=' : conversion from 'float' to 'int', possible loss of data
     1>Ghost.cpp(142): warning C4244: '=' : conversion from 'float' to 'int', possible loss of data
     1>Ghost.cpp(143): warning C4244: '=' : conversion from 'float' to 'int', possible loss of data
     1>Ghost.cpp(144): warning C4244: '=' : conversion from 'float' to 'int', possible loss of data
         main.cpp
     1>main.cpp(61): warning C4244: 'argument' : conversion from 'float' to 'int', possible loss of data
     1>main.cpp(67): warning C4244: 'argument' : conversion from 'float' to 'int', possible loss of data
     1>main.cpp(69): warning C4101: 'arrayOfTiles' : unreferenced local variable
       Link:
         D:\Program Files (x86)\VC\bin\link.exe /ERRORREPORT:PROMPT /OUT:"D:\Users\Andy\Desktop\cpp projects\Pacman\Release\Pacman.exe" /INCREMENTAL:NO /NOLOGO /LIBPATH:"D:\Program Files (x86)\SFML\SFML-2.3.1\lib" kernel32.lib user32.lib gdi32.lib winspool.lib comdlg32.lib advapi32.lib shell32.lib ole32.lib oleaut32.lib uuid.lib odbc32.lib odbccp32.lib "sfml-graphics-s.lib" "sfml-window-s.lib" "sfml-system-s.lib" opengl32.lib freetype.lib jpeg.lib winmm.lib gdi32.lib "sfml-main.lib" "sfml-audio-s.lib" openal32.lib flac.lib vorbisenc.lib vorbisfile.lib vorbis.lib ogg.lib kernel32.lib user32.lib gdi32.lib winspool.lib comdlg32.lib advapi32.lib shell32.lib ole32.lib oleaut32.lib uuid.lib odbc32.lib odbccp32.lib /MANIFEST /MANIFESTUAC:"level='asInvoker' uiAccess='false'" /manifest:embed /DEBUG /PDB:"D:\Users\Andy\Desktop\cpp projects\Pacman\Release\Pacman.pdb" /SUBSYSTEM:CONSOLE /OPT:REF /OPT:ICF /LTCG /TLBID:1 /DYNAMICBASE /NXCOMPAT /IMPLIB:"D:\Users\Andy\Desktop\cpp projects\Pacman\Release\Pacman.lib" /MACHINE:X86 /SAFESEH Release\Game.obj
         Release\Ghost.obj
         Release\Level.obj
         Release\main.obj
         Release\MapSource.obj
         Release\Player.obj
         Release\Tile.obj
         Generating code
         Finished generating code
         Pacman.vcxproj -> D:\Users\Andy\Desktop\cpp projects\Pacman\Release\Pacman.exe
     1>Done Building Project "D:\Users\Andy\Desktop\cpp projects\Pacman\Pacman\Pacman.vcxproj" (Build target(s)).

Build succeeded.

Time Elapsed 00:00:01.80
